#
# There is insufficient memory for the Java Runtime Environment to continue.
# Native memory allocation (mmap) failed to map 132120576 bytes for G1 virtual space
# Possible reasons:
#   The system is out of physical RAM or swap space
#   The process is running with CompressedOops enabled, and the Java Heap may be blocking the growth of the native heap
# Possible solutions:
#   Reduce memory load on the system
#   Increase physical memory or swap space
#   Check if swap backing store is full
#   Decrease Java heap size (-Xmx/-Xms)
#   Decrease number of Java threads
#   Decrease Java thread stack sizes (-Xss)
#   Set larger code cache with -XX:ReservedCodeCacheSize=
#   JVM is running with Unscaled Compressed Oops mode in which the Java heap is
#     placed in the first 4GB address space. The Java Heap base address is the
#     maximum limit for the native heap growth. Please use -XX:HeapBaseMinAddress
#     to set the Java Heap base and to place the Java Heap above 4GB virtual address.
# This output file may be truncated or incomplete.
#
#  Out of Memory Error (os_windows.cpp:3617), pid=16720, tid=8112
#
# JRE version:  (17.0.8+7) (build )
# Java VM: OpenJDK 64-Bit Server VM (17.0.8+7, mixed mode, sharing, tiered, compressed oops, compressed class ptrs, g1 gc, windows-amd64)
# No core dump will be written. Minidumps are not enabled by default on client versions of Windows
#

---------------  S U M M A R Y ------------

Command Line: -XX:+ShowCodeDetailsInExceptionMessages -agentlib:jdwp=transport=dt_socket,suspend=y,address=localhost:51975 -javaagent:C:\Users\Elliot\eclipse\java-2022-06\eclipse\configuration\org.eclipse.osgi\215\0\.cp\lib\javaagent-shaded.jar -Dfile.encoding=UTF-8 uppg1.Elliot_Extra

Host: Intel(R) Core(TM) i5-10210U CPU @ 1.60GHz, 8 cores, 7G,  Windows 10 , 64 bit Build 19041 (10.0.19041.3393)
Time: Thu Oct  5 12:17:07 2023 Västeuropa, sommartid elapsed time: 0.056095 seconds (0d 0h 0m 0s)

---------------  T H R E A D  ---------------

Current thread (0x000001b6ae9a8b00):  JavaThread "Unknown thread" [_thread_in_vm, id=8112, stack(0x0000002159b00000,0x0000002159c00000)]

Stack: [0x0000002159b00000,0x0000002159c00000]
Native frames: (J=compiled Java code, j=interpreted, Vv=VM code, C=native code)
V  [jvm.dll+0x678b0a]
V  [jvm.dll+0x835e84]
V  [jvm.dll+0x83762e]
V  [jvm.dll+0x837c93]
V  [jvm.dll+0x24746f]
V  [jvm.dll+0x675859]
V  [jvm.dll+0x66a0ea]
V  [jvm.dll+0x306c7b]
V  [jvm.dll+0x30e166]
V  [jvm.dll+0x35dd3e]
V  [jvm.dll+0x35df6f]
V  [jvm.dll+0x2ddb48]
V  [jvm.dll+0x2deab4]
V  [jvm.dll+0x807f31]
V  [jvm.dll+0x36bb21]
V  [jvm.dll+0x7e733c]
V  [jvm.dll+0x3ee4af]
V  [jvm.dll+0x3f00c1]
C  [jli.dll+0x528b]
C  [ucrtbase.dll+0x21bb2]
C  [KERNEL32.DLL+0x17344]
C  [ntdll.dll+0x526b1]


---------------  P R O C E S S  ---------------

Threads class SMR info:
_java_thread_list=0x00007ffe582aa018, length=0, elements={
}

Java Threads: ( => current thread )

Other Threads:
  0x000001b6aea010a0 GCTaskThread "GC Thread#0" [stack: 0x0000002159c00000,0x0000002159d00000] [id=19968]
  0x000001b6aea11a50 ConcurrentGCThread "G1 Main Marker" [stack: 0x0000002159d00000,0x0000002159e00000] [id=6296]
  0x000001b6aea12de0 ConcurrentGCThread "G1 Conc#0" [stack: 0x0000002159e00000,0x0000002159f00000] [id=15108]

[error occurred during error reporting (printing all threads), id 0xc0000005, EXCEPTION_ACCESS_VIOLATION (0xc0000005) at pc=0x00007ffe57a7e587]

VM state: not at safepoint (not fully initialized)

VM Mutex/Monitor currently owned by a thread:  ([mutex/lock_event])
[0x000001b6ae9a2260] Heap_lock - owner thread: 0x000001b6ae9a8b00

Heap address: 0x0000000082800000, size: 2008 MB, Compressed Oops mode: 32-bit

CDS archive(s) mapped at: [0x0000000000000000-0x0000000000000000-0x0000000000000000), size 0, SharedBaseAddress: 0x0000000800000000, ArchiveRelocationMode: 1.
Narrow klass base: 0x0000000000000000, Narrow klass shift: 0, Narrow klass range: 0x0

GC Precious Log:
<Empty>

Heap:
 garbage-first heap   total 0K, used 0K [0x0000000082800000, 0x0000000100000000)
  region size 1024K, 0 young (0K), 0 survivors (0K)

[error occurred during error reporting (printing heap information), id 0xc0000005, EXCEPTION_ACCESS_VIOLATION (0xc0000005) at pc=0x00007ffe57e62699]

GC Heap History (0 events):
No events

Dll operation events (1 events):
Event: 0.041 Loaded shared library C:\Users\Elliot\.p2\pool\plugins\org.eclipse.justj.openjdk.hotspot.jre.full.win32.x86_64_17.0.8.v20230801-1951\jre\bin\java.dll

Deoptimization events (0 events):
No events

Classes unloaded (0 events):
No events

Classes redefined (0 events):
No events

Internal exceptions (0 events):
No events

VM Operations (0 events):
No events

Events (0 events):
No events


Dynamic libraries:
0x00007ff6098d0000 - 0x00007ff6098de000 	C:\Users\Elliot\.p2\pool\plugins\org.eclipse.justj.openjdk.hotspot.jre.full.win32.x86_64_17.0.8.v20230801-1951\jre\bin\javaw.exe
0x00007ffebd430000 - 0x00007ffebd628000 	C:\Windows\SYSTEM32\ntdll.dll
0x00007ffebd210000 - 0x00007ffebd2cd000 	C:\Windows\System32\KERNEL32.DLL
0x00007ffebacc0000 - 0x00007ffebafb6000 	C:\Windows\System32\KERNELBASE.dll
0x000000005a440000 - 0x000000005a771000 	C:\Program Files\Norton Security\NortonData\22.23.5.106\Definitions\IPSDefs\20231004.064\IPSEng64.dll
0x00007ffebc5d0000 - 0x00007ffebc67e000 	C:\Windows\System32\ADVAPI32.dll
0x00007ffebc100000 - 0x00007ffebc19e000 	C:\Windows\System32\msvcrt.dll
0x00007ffebc2d0000 - 0x00007ffebc36c000 	C:\Windows\System32\sechost.dll
0x00007ffebc6e0000 - 0x00007ffebc806000 	C:\Windows\System32\RPCRT4.dll
0x00007ffebbbe0000 - 0x00007ffebbbe8000 	C:\Windows\System32\PSAPI.DLL
0x00007ffebaff0000 - 0x00007ffebb0f0000 	C:\Windows\System32\ucrtbase.dll
0x00007ffeaf370000 - 0x00007ffeaf389000 	C:\Users\Elliot\.p2\pool\plugins\org.eclipse.justj.openjdk.hotspot.jre.full.win32.x86_64_17.0.8.v20230801-1951\jre\bin\VCRUNTIME140.dll
0x00007ffeb2020000 - 0x00007ffeb2037000 	C:\Users\Elliot\.p2\pool\plugins\org.eclipse.justj.openjdk.hotspot.jre.full.win32.x86_64_17.0.8.v20230801-1951\jre\bin\jli.dll
0x00007ffebba40000 - 0x00007ffebbbde000 	C:\Windows\System32\USER32.dll
0x00007ffebafc0000 - 0x00007ffebafe2000 	C:\Windows\System32\win32u.dll
0x00007ffebbbf0000 - 0x00007ffebbc1c000 	C:\Windows\System32\GDI32.dll
0x00007ffea9c40000 - 0x00007ffea9eda000 	C:\Windows\WinSxS\amd64_microsoft.windows.common-controls_6595b64144ccf1df_6.0.19041.1110_none_60b5254171f9507e\COMCTL32.dll
0x00007ffebaba0000 - 0x00007ffebacba000 	C:\Windows\System32\gdi32full.dll
0x00007ffebb1e0000 - 0x00007ffebb27d000 	C:\Windows\System32\msvcp_win.dll
0x00007ffebc4d0000 - 0x00007ffebc500000 	C:\Windows\System32\IMM32.DLL
0x00007ffeae780000 - 0x00007ffeae78c000 	C:\Users\Elliot\.p2\pool\plugins\org.eclipse.justj.openjdk.hotspot.jre.full.win32.x86_64_17.0.8.v20230801-1951\jre\bin\vcruntime140_1.dll
0x00007ffe91080000 - 0x00007ffe91111000 	C:\Users\Elliot\.p2\pool\plugins\org.eclipse.justj.openjdk.hotspot.jre.full.win32.x86_64_17.0.8.v20230801-1951\jre\bin\msvcp140.dll
0x00007ffe57790000 - 0x00007ffe583dc000 	C:\Users\Elliot\.p2\pool\plugins\org.eclipse.justj.openjdk.hotspot.jre.full.win32.x86_64_17.0.8.v20230801-1951\jre\bin\server\jvm.dll
0x00007ffeb2af0000 - 0x00007ffeb2afa000 	C:\Windows\SYSTEM32\VERSION.dll
0x00007ffeba970000 - 0x00007ffeba9bb000 	C:\Windows\SYSTEM32\POWRPROF.dll
0x00007ffe96520000 - 0x00007ffe96547000 	C:\Windows\SYSTEM32\WINMM.dll
0x00007ffead060000 - 0x00007ffead069000 	C:\Windows\SYSTEM32\WSOCK32.dll
0x00007ffebbc20000 - 0x00007ffebbc8b000 	C:\Windows\System32\WS2_32.dll
0x00007ffeba950000 - 0x00007ffeba962000 	C:\Windows\SYSTEM32\UMPDC.dll
0x00007ffeb9330000 - 0x00007ffeb9342000 	C:\Windows\SYSTEM32\kernel.appcore.dll
0x00007ffeb37e0000 - 0x00007ffeb37ea000 	C:\Users\Elliot\.p2\pool\plugins\org.eclipse.justj.openjdk.hotspot.jre.full.win32.x86_64_17.0.8.v20230801-1951\jre\bin\jimage.dll
0x00007ffeb88a0000 - 0x00007ffeb8a84000 	C:\Windows\SYSTEM32\DBGHELP.DLL
0x00007ffeb3150000 - 0x00007ffeb3184000 	C:\Windows\SYSTEM32\dbgcore.DLL
0x00007ffebab10000 - 0x00007ffebab92000 	C:\Windows\System32\bcryptPrimitives.dll
0x00007ffeae7e0000 - 0x00007ffeae81b000 	C:\Users\Elliot\.p2\pool\plugins\org.eclipse.justj.openjdk.hotspot.jre.full.win32.x86_64_17.0.8.v20230801-1951\jre\bin\jdwp.dll
0x00007ffeb4970000 - 0x00007ffeb497e000 	C:\Users\Elliot\.p2\pool\plugins\org.eclipse.justj.openjdk.hotspot.jre.full.win32.x86_64_17.0.8.v20230801-1951\jre\bin\instrument.dll
0x00007ffeb3240000 - 0x00007ffeb3265000 	C:\Users\Elliot\.p2\pool\plugins\org.eclipse.justj.openjdk.hotspot.jre.full.win32.x86_64_17.0.8.v20230801-1951\jre\bin\java.dll

dbghelp: loaded successfully - version: 4.0.5 - missing functions: none
symbol engine: initialized successfully - sym options: 0x614 - pdb path: .;C:\Users\Elliot\.p2\pool\plugins\org.eclipse.justj.openjdk.hotspot.jre.full.win32.x86_64_17.0.8.v20230801-1951\jre\bin;C:\Windows\SYSTEM32;C:\Program Files\Norton Security\NortonData\22.23.5.106\Definitions\IPSDefs\20231004.064;C:\Windows\WinSxS\amd64_microsoft.windows.common-controls_6595b64144ccf1df_6.0.19041.1110_none_60b5254171f9507e;C:\Users\Elliot\.p2\pool\plugins\org.eclipse.justj.openjdk.hotspot.jre.full.win32.x86_64_17.0.8.v20230801-1951\jre\bin\server

VM Arguments:
jvm_args: -XX:+ShowCodeDetailsInExceptionMessages -agentlib:jdwp=transport=dt_socket,suspend=y,address=localhost:51975 -javaagent:C:\Users\Elliot\eclipse\java-2022-06\eclipse\configuration\org.eclipse.osgi\215\0\.cp\lib\javaagent-shaded.jar -Dfile.encoding=UTF-8 
java_command: uppg1.Elliot_Extra
java_class_path (initial): C:\Users\Elliot\eclipse-workspace\Programering 1\bin
Launcher Type: SUN_STANDARD

[Global flags]
     intx CICompilerCount                          = 4                                         {product} {ergonomic}
     uint ConcGCThreads                            = 2                                         {product} {ergonomic}
     uint G1ConcRefinementThreads                  = 8                                         {product} {ergonomic}
   size_t G1HeapRegionSize                         = 1048576                                   {product} {ergonomic}
    uintx GCDrainStackTargetSize                   = 64                                        {product} {ergonomic}
   size_t InitialHeapSize                          = 132120576                                 {product} {ergonomic}
   size_t MarkStackSize                            = 4194304                                   {product} {ergonomic}
   size_t MaxHeapSize                              = 2105540608                                {product} {ergonomic}
   size_t MinHeapDeltaBytes                        = 1048576                                   {product} {ergonomic}
   size_t MinHeapSize                              = 8388608                                   {product} {ergonomic}
    uintx NonNMethodCodeHeapSize                   = 5839372                                {pd product} {ergonomic}
    uintx NonProfiledCodeHeapSize                  = 122909434                              {pd product} {ergonomic}
    uintx ProfiledCodeHeapSize                     = 122909434                              {pd product} {ergonomic}
    uintx ReservedCodeCacheSize                    = 251658240                              {pd product} {ergonomic}
     bool SegmentedCodeCache                       = true                                      {product} {ergonomic}
     bool ShowCodeDetailsInExceptionMessages       = true                                   {manageable} {command line}
   size_t SoftMaxHeapSize                          = 2105540608                             {manageable} {ergonomic}
     bool UseCompressedClassPointers               = true                           {product lp64_product} {ergonomic}
     bool UseCompressedOops                        = true                           {product lp64_product} {ergonomic}
     bool UseG1GC                                  = true                                      {product} {ergonomic}
     bool UseLargePagesIndividualAllocation        = false                                  {pd product} {ergonomic}

Logging:
Log output configuration:
 #0: stdout all=warning uptime,level,tags
 #1: stderr all=off uptime,level,tags

Environment Variables:
PATH=C:\Users\Elliot\.p2\pool\plugins\org.eclipse.justj.openjdk.hotspot.jre.full.win32.x86_64_17.0.8.v20230801-1951\jre\bin;C:/Users/Elliot/.p2/pool/plugins/org.eclipse.justj.openjdk.hotspot.jre.full.win32.x86_64_17.0.8.v20230801-1951/jre/bin/server;C:/Users/Elliot/.p2/pool/plugins/org.eclipse.justj.openjdk.hotspot.jre.full.win32.x86_64_17.0.8.v20230801-1951/jre/bin;C:\Windows\system32;C:\Windows;C:\Windows\System32\Wbem;C:\Windows\System32\WindowsPowerShell\v1.0\;C:\Windows\System32\OpenSSH\;C:\Users\Elliot\AppData\Local\Microsoft\WindowsApps;;C:\Users\Elliot\Desktop;
USERNAME=Elliot
OS=Windows_NT
PROCESSOR_IDENTIFIER=Intel64 Family 6 Model 142 Stepping 12, GenuineIntel
TMP=C:\Users\Elliot\AppData\Local\Temp
TEMP=C:\Users\Elliot\AppData\Local\Temp



---------------  S Y S T E M  ---------------

OS:
 Windows 10 , 64 bit Build 19041 (10.0.19041.3393)
OS uptime: 1 days 2:23 hours

CPU: total 8 (initial active 8) (4 cores per cpu, 2 threads per core) family 6 model 142 stepping 12 microcode 0xde, cx8, cmov, fxsr, ht, mmx, 3dnowpref, sse, sse2, sse3, ssse3, sse4.1, sse4.2, popcnt, lzcnt, tsc, tscinvbit, avx, avx2, aes, erms, clmul, bmi1, bmi2, adx, fma, vzeroupper, clflush, clflushopt
Processor Information for processor 0
  Max Mhz: 2112, Current Mhz: 1609, Mhz Limit: 1605
Processor Information for processor 1
  Max Mhz: 2112, Current Mhz: 1408, Mhz Limit: 1605
Processor Information for processor 2
  Max Mhz: 2112, Current Mhz: 1609, Mhz Limit: 1605
Processor Information for processor 3
  Max Mhz: 2112, Current Mhz: 1609, Mhz Limit: 1605
Processor Information for processor 4
  Max Mhz: 2112, Current Mhz: 1609, Mhz Limit: 1605
Processor Information for processor 5
  Max Mhz: 2112, Current Mhz: 1408, Mhz Limit: 1605
Processor Information for processor 6
  Max Mhz: 2112, Current Mhz: 1408, Mhz Limit: 1605
Processor Information for processor 7
  Max Mhz: 2112, Current Mhz: 1609, Mhz Limit: 1605

Memory: 4k page, system-wide physical 8025M (1029M free)
TotalPageFile size 22023M (AvailPageFile size 67M)
current process WorkingSet (physical memory assigned to process): 11M, peak: 11M
current process commit charge ("private bytes"): 60M, peak: 186M

vm_info: OpenJDK 64-Bit Server VM (17.0.8+7) for windows-amd64 JRE (17.0.8+7), built on Jul 18 2023 21:02:32 by "admin" with MS VC++ 16.7 (VS2019)

END.
